<?xml version="1.0" encoding="UTF-8"?>
<!-- Generated by org.testng.reporters.JUnitXMLReporter -->
<testsuite ignored="0" hostname="Amolkh" failures="2" tests="3" name="Test" time="28.625" errors="0" timestamp="2022-03-29T12:46:53 IST">
  <testcase classname="TestClasses.AddNewAddress" name="verifyUserCanLogin" time="6.873"/>
  <testcase classname="TestClasses.AddNewAddress" name="verifyUserCanAddNewAddress" time="5.016">
    <failure type="org.openqa.selenium.ElementClickInterceptedException" message="element click intercepted: Element &amp;lt;div class=&amp;quot;NS64GK&amp;quot;&amp;gt;...&amp;lt;/div&amp;gt; is not clickable at point (216, 386). Other element would receive the click: &amp;lt;a title=&amp;quot;...&amp;quot; class=&amp;quot;_3QN6WI&amp;quot; href=&amp;quot;/offers-list/strength-cardio-equipment?screen=dynamic&amp;amp;amp;pk=themeViews%3DSF-March-FR4%3AApp%2CSF-March-FR4%3ADesk~widgetType%3DdealCard~contentType%3Dneo&amp;amp;amp;wid=2.dealCard.OMU&amp;amp;amp;otracker=nmenu_sub_Sports%2C%20Books%20%26%20More_0_Cardio%20Equipment&amp;quot;&amp;gt;Cardio Equipment&amp;lt;/a&amp;gt;
  (Session info: chrome=99.0.4844.84)
Build info: version: &amp;apos;4.1.2&amp;apos;, revision: &amp;apos;9a5a329c5a&amp;apos;
System info: host: &amp;apos;AMOLKH&amp;apos;, ip: &amp;apos;192.168.43.114&amp;apos;, os.name: &amp;apos;Windows 8.1&amp;apos;, os.arch: &amp;apos;amd64&amp;apos;, os.version: &amp;apos;6.3&amp;apos;, java.version: &amp;apos;17.0.1&amp;apos;
Driver info: org.openqa.selenium.chrome.ChromeDriver
Command: [3d6a6e8dc95f4b814a837bddc0cf1d96, clickElement {id=5e3dc04d-dec1-405d-a051-4f34da843017}]
Capabilities {acceptInsecureCerts: false, browserName: chrome, browserVersion: 99.0.4844.84, chrome: {chromedriverVersion: 99.0.4844.51 (d537ec02474b5..., userDataDir: C:\Users\Admin\AppData\Loca...}, goog:chromeOptions: {debuggerAddress: localhost:49247}, javascriptEnabled: true, networkConnectionEnabled: false, pageLoadStrategy: normal, platform: WINDOWS, platformName: WINDOWS, proxy: Proxy(), se:cdp: ws://localhost:49247/devtoo..., se:cdpVersion: 99.0.4844.84, setWindowRect: true, strictFileInteractability: false, timeouts: {implicit: 0, pageLoad: 300000, script: 30000}, unhandledPromptBehavior: dismiss and notify, webauthn:extension:credBlob: true, webauthn:extension:largeBlob: true, webauthn:virtualAuthenticators: true}
Element: [[ChromeDriver: chrome on WINDOWS (3d6a6e8dc95f4b814a837bddc0cf1d96)] -&amp;gt; xpath: //div[text()=&amp;apos;Manage Addresses&amp;apos;]]
Session ID: 3d6a6e8dc95f4b814a837bddc0cf1d96">
      <![CDATA[org.openqa.selenium.ElementClickInterceptedException: element click intercepted: Element <div class="NS64GK">...</div> is not clickable at point (216, 386). Other element would receive the click: <a title="..." class="_3QN6WI" href="/offers-list/strength-cardio-equipment?screen=dynamic&amp;pk=themeViews%3DSF-March-FR4%3AApp%2CSF-March-FR4%3ADesk~widgetType%3DdealCard~contentType%3Dneo&amp;wid=2.dealCard.OMU&amp;otracker=nmenu_sub_Sports%2C%20Books%20%26%20More_0_Cardio%20Equipment">Cardio Equipment</a>
  (Session info: chrome=99.0.4844.84)
Build info: version: '4.1.2', revision: '9a5a329c5a'
System info: host: 'AMOLKH', ip: '192.168.43.114', os.name: 'Windows 8.1', os.arch: 'amd64', os.version: '6.3', java.version: '17.0.1'
Driver info: org.openqa.selenium.chrome.ChromeDriver
Command: [3d6a6e8dc95f4b814a837bddc0cf1d96, clickElement {id=5e3dc04d-dec1-405d-a051-4f34da843017}]
Capabilities {acceptInsecureCerts: false, browserName: chrome, browserVersion: 99.0.4844.84, chrome: {chromedriverVersion: 99.0.4844.51 (d537ec02474b5..., userDataDir: C:\Users\Admin\AppData\Loca...}, goog:chromeOptions: {debuggerAddress: localhost:49247}, javascriptEnabled: true, networkConnectionEnabled: false, pageLoadStrategy: normal, platform: WINDOWS, platformName: WINDOWS, proxy: Proxy(), se:cdp: ws://localhost:49247/devtoo..., se:cdpVersion: 99.0.4844.84, setWindowRect: true, strictFileInteractability: false, timeouts: {implicit: 0, pageLoad: 300000, script: 30000}, unhandledPromptBehavior: dismiss and notify, webauthn:extension:credBlob: true, webauthn:extension:largeBlob: true, webauthn:virtualAuthenticators: true}
Element: [[ChromeDriver: chrome on WINDOWS (3d6a6e8dc95f4b814a837bddc0cf1d96)] -> xpath: //div[text()='Manage Addresses']]
Session ID: 3d6a6e8dc95f4b814a837bddc0cf1d96
at org.openqa.selenium.remote.codec.w3c.W3CHttpResponseCodec.createException(W3CHttpResponseCodec.java:200)
at org.openqa.selenium.remote.codec.w3c.W3CHttpResponseCodec.decode(W3CHttpResponseCodec.java:133)
at org.openqa.selenium.remote.codec.w3c.W3CHttpResponseCodec.decode(W3CHttpResponseCodec.java:53)
at org.openqa.selenium.remote.HttpCommandExecutor.execute(HttpCommandExecutor.java:184)
at org.openqa.selenium.remote.service.DriverCommandExecutor.invokeExecute(DriverCommandExecutor.java:167)
at org.openqa.selenium.remote.service.DriverCommandExecutor.execute(DriverCommandExecutor.java:142)
at org.openqa.selenium.remote.RemoteWebDriver.execute(RemoteWebDriver.java:558)
at org.openqa.selenium.remote.RemoteWebElement.execute(RemoteWebElement.java:251)
at org.openqa.selenium.remote.RemoteWebElement.click(RemoteWebElement.java:77)
at org.openqa.selenium.support.pagefactory.internal.LocatingElementHandler.invoke(LocatingElementHandler.java:52)
at jdk.proxy2/jdk.proxy2.$Proxy20.click(Unknown Source)
at PomClaasses.ProfilePage.clickOnManageAddress(ProfilePage.java:46)
at TestClasses.AddNewAddress.verifyUserCanAddNewAddress(AddNewAddress.java:84)
at java.base/java.util.ArrayList.forEach(ArrayList.java:1511)
... Removed 36 stack frames]]>
    </failure>
  </testcase> <!-- verifyUserCanAddNewAddress -->
  <testcase classname="TestClasses.AddNewAddress" name="verifyUserCanAddNewAddress" time="6.284">
    <failure type="java.lang.AssertionError" message="expected [2] but found [1]">
      <![CDATA[java.lang.AssertionError: expected [2] but found [1]
at TestClasses.AddNewAddress.verifyUserCanAddNewAddress(AddNewAddress.java:103)
at java.base/java.util.ArrayList.forEach(ArrayList.java:1511)
... Removed 33 stack frames]]>
    </failure>
  </testcase> <!-- verifyUserCanAddNewAddress -->
</testsuite> <!-- Test -->
